# JRE version: OpenJDK Runtime Environment JBR-11.0.15.10-2043.56-jcef (11.0.15+10) (build 11.0.15+10-b2043.56)
# Java VM: OpenJDK 64-Bit Server VM JBR-11.0.15.10-2043.56-jcef (11.0.15+10-b2043.56, mixed mode, tiered, compressed oops, g1 gc, windows-amd64)
Heap:
 garbage-first heap   total 435200K, used 320367K [0x00000000d1200000, 0x0000000100000000)
  region size 1024K, 3 young (3072K), 1 survivors (1024K)
 Metaspace       used 214792K, capacity 221903K, committed 221976K, reserved 1243136K
  class space    used 24631K, capacity 27398K, committed 27468K, reserved 1048576K
GC Heap History (20 events):
Event: 7731.948 GC heap before
{Heap before GC invocations=179 (full 0):
 garbage-first heap   total 414720K, used 234965K [0x00000000d1200000, 0x0000000100000000)
  region size 1024K, 26 young (26624K), 2 survivors (2048K)
 Metaspace       used 198172K, capacity 204412K, committed 205464K, reserved 1228800K
  class space    used 22763K, capacity 25168K, committed 25548K, reserved 1048576K
}
Event: 7731.962 GC heap after
{Heap after GC invocations=180 (full 0):
 garbage-first heap   total 414720K, used 210519K [0x00000000d1200000, 0x0000000100000000)
  region size 1024K, 1 young (1024K), 1 survivors (1024K)
 Metaspace       used 198172K, capacity 204412K, committed 205464K, reserved 1228800K
  class space    used 22763K, capacity 25168K, committed 25548K, reserved 1048576K
}
Event: 7956.427 GC heap before
{Heap before GC invocations=181 (full 0):
 garbage-first heap   total 414720K, used 412247K [0x00000000d1200000, 0x0000000100000000)
  region size 1024K, 119 young (121856K), 1 survivors (1024K)
 Metaspace       used 203099K, capacity 209575K, committed 209944K, reserved 1232896K
  class space    used 23251K, capacity 25735K, committed 25932K, reserved 1048576K
}
Event: 7956.493 GC heap after
{Heap after GC invocations=182 (full 0):
 garbage-first heap   total 424960K, used 219786K [0x00000000d1200000, 0x0000000100000000)
  region size 1024K, 10 young (10240K), 10 survivors (10240K)
 Metaspace       used 203099K, capacity 209575K, committed 209944K, reserved 1232896K
  class space    used 23251K, capacity 25735K, committed 25932K, reserved 1048576K
}
Event: 7956.822 GC heap before
{Heap before GC invocations=182 (full 0):
 garbage-first heap   total 424960K, used 229002K [0x00000000d1200000, 0x0000000100000000)
  region size 1024K, 20 young (20480K), 10 survivors (10240K)
 Metaspace       used 203177K, capacity 209582K, committed 209944K, reserved 1232896K
  class space    used 23253K, capacity 25736K, committed 25932K, reserved 1048576K
}
Event: 7956.903 GC heap after
{Heap after GC invocations=183 (full 0):
 garbage-first heap   total 424960K, used 214146K [0x00000000d1200000, 0x0000000100000000)
  region size 1024K, 1 young (1024K), 1 survivors (1024K)
 Metaspace       used 203177K, capacity 209582K, committed 209944K, reserved 1232896K
  class space    used 23253K, capacity 25736K, committed 25932K, reserved 1048576K
}
Event: 7963.771 GC heap before
{Heap before GC invocations=183 (full 0):
 garbage-first heap   total 424960K, used 243842K [0x00000000d1200000, 0x0000000100000000)
  region size 1024K, 31 young (31744K), 1 survivors (1024K)
 Metaspace       used 204070K, capacity 210488K, committed 210840K, reserved 1234944K
  class space    used 23318K, capacity 25821K, committed 26060K, reserved 1048576K
}
Event: 7963.805 GC heap after
{Heap after GC invocations=184 (full 0):
 garbage-first heap   total 424960K, used 214323K [0x00000000d1200000, 0x0000000100000000)
  region size 1024K, 2 young (2048K), 2 survivors (2048K)
 Metaspace       used 204070K, capacity 210488K, committed 210840K, reserved 1234944K
  class space    used 23318K, capacity 25821K, committed 26060K, reserved 1048576K
}
Event: 7971.610 GC heap before
{Heap before GC invocations=185 (full 0):
 garbage-first heap   total 424960K, used 362803K [0x00000000d1200000, 0x0000000100000000)
  region size 1024K, 128 young (131072K), 2 survivors (2048K)
 Metaspace       used 210400K, capacity 217305K, committed 217624K, reserved 1241088K
  class space    used 24181K, capacity 26829K, committed 26956K, reserved 1048576K
}
Event: 7971.665 GC heap after
{Heap after GC invocations=186 (full 0):
 garbage-first heap   total 424960K, used 217807K [0x00000000d1200000, 0x0000000100000000)
  region size 1024K, 5 young (5120K), 5 survivors (5120K)
 Metaspace       used 210400K, capacity 217305K, committed 217624K, reserved 1241088K
  class space    used 24181K, capacity 26829K, committed 26956K, reserved 1048576K
}
Event: 7977.001 GC heap before
{Heap before GC invocations=186 (full 0):
 garbage-first heap   total 424960K, used 233167K [0x00000000d1200000, 0x0000000100000000)
  region size 1024K, 20 young (20480K), 5 survivors (5120K)
 Metaspace       used 210762K, capacity 217649K, committed 217880K, reserved 1241088K
  class space    used 24224K, capacity 26877K, committed 26956K, reserved 1048576K
}
Event: 7977.047 GC heap after
{Heap after GC invocations=187 (full 0):
 garbage-first heap   total 424960K, used 213294K [0x00000000d1200000, 0x0000000100000000)
  region size 1024K, 1 young (1024K), 1 survivors (1024K)
 Metaspace       used 210762K, capacity 217649K, committed 217880K, reserved 1241088K
  class space    used 24224K, capacity 26877K, committed 26956K, reserved 1048576K
}
Event: 7986.188 GC heap before
{Heap before GC invocations=187 (full 0):
 garbage-first heap   total 424960K, used 352558K [0x00000000d1200000, 0x0000000100000000)
  region size 1024K, 138 young (141312K), 1 survivors (1024K)
 Metaspace       used 212159K, capacity 219187K, committed 219288K, reserved 1241088K
  class space    used 24355K, capacity 27079K, committed 27084K, reserved 1048576K
}
Event: 7986.215 GC heap after
{Heap after GC invocations=188 (full 0):
 garbage-first heap   total 424960K, used 215806K [0x00000000d1200000, 0x0000000100000000)
  region size 1024K, 4 young (4096K), 4 survivors (4096K)
 Metaspace       used 212159K, capacity 219187K, committed 219288K, reserved 1241088K
  class space    used 24355K, capacity 27079K, committed 27084K, reserved 1048576K
}
Event: 8302.507 GC heap before
{Heap before GC invocations=189 (full 0):
 garbage-first heap   total 430080K, used 427774K [0x00000000d1200000, 0x0000000100000000)
  region size 1024K, 112 young (114688K), 4 survivors (4096K)
 Metaspace       used 213964K, capacity 220927K, committed 221080K, reserved 1243136K
  class space    used 24533K, capacity 27242K, committed 27340K, reserved 1048576K
}
Event: 8302.536 GC heap after
{Heap after GC invocations=190 (full 0):
 garbage-first heap   total 435200K, used 216796K [0x00000000d1200000, 0x0000000100000000)
  region size 1024K, 5 young (5120K), 5 survivors (5120K)
 Metaspace       used 213964K, capacity 220927K, committed 221080K, reserved 1243136K
  class space    used 24533K, capacity 27242K, committed 27340K, reserved 1048576K
}
Event: 8302.911 GC heap before
{Heap before GC invocations=190 (full 0):
 garbage-first heap   total 435200K, used 232156K [0x00000000d1200000, 0x0000000100000000)
  region size 1024K, 21 young (21504K), 5 survivors (5120K)
 Metaspace       used 213977K, capacity 220929K, committed 221080K, reserved 1243136K
  class space    used 24533K, capacity 27242K, committed 27340K, reserved 1048576K
}
Event: 8302.933 GC heap after
{Heap after GC invocations=191 (full 0):
 garbage-first heap   total 435200K, used 216778K [0x00000000d1200000, 0x0000000100000000)
  region size 1024K, 1 young (1024K), 1 survivors (1024K)
 Metaspace       used 213977K, capacity 220929K, committed 221080K, reserved 1243136K
  class space    used 24533K, capacity 27242K, committed 27340K, reserved 1048576K
}
Event: 15014.472 GC heap before
{Heap before GC invocations=191 (full 0):
 garbage-first heap   total 435200K, used 361162K [0x00000000d1200000, 0x0000000100000000)
  region size 1024K, 143 young (146432K), 1 survivors (1024K)
 Metaspace       used 214736K, capacity 221815K, committed 221976K, reserved 1243136K
  class space    used 24626K, capacity 27389K, committed 27468K, reserved 1048576K
}
Event: 15014.574 GC heap after
{Heap after GC invocations=192 (full 0):
 garbage-first heap   total 435200K, used 216943K [0x00000000d1200000, 0x0000000100000000)
  region size 1024K, 1 young (1024K), 1 survivors (1024K)
 Metaspace       used 214736K, capacity 221815K, committed 221976K, reserved 1243136K
  class space    used 24626K, capacity 27389K, committed 27468K, reserved 1048576K
}

